ID LANG
1. EN &
2. EN &FR &GR
3. EN &FR &GR
4. EN &FR &GR
5. EN &
6. EN &FR &GR
7. EN &FR &GR
8. EN &FR &GR
9. EN &FR &GR
10. EN &FR &GR
11. EN &FR &GR
12. EN &FR &GR
13. EN &FR &GR
14. EN &FR &GR
15. EN &
16. EN &FR &GR
17. EN &FR &GR
18. EN &FR &GR
19. EN &FR &GR
20. EN &FR &GR
21. EN &FR &GR
22. EN &FR &GR
23. EN &FR &GR
24. EN &FR &GR
25. EN &FR &GR
26. EN &FR &GR
27. EN &FR &GR
28. EN &FR &GR
29. EN &FR &GR
30. EN &FR &GR
31. EN &FR &GR
32. EN &FR &GR
33. EN &FR &GR
34. EN &FR &GR
35. EN &FR &GR
36. EN &FR &GR
37. EN &FR &GR
38. EN &FR &GR
39. EN &FR &GR
40. EN &FR &GR
41. EN &FR &GR
42. EN &
43. EN &FR &GR
44. EN &FR &GR
45. EN &FR &GR
46. FR &
47. EN &FR &GR
48. EN &FR &GR
49. EN &FR &GR
50. GR
51. EN &FR &GR
52. EN &FR &GR
53. FR &
54. FR &
55. EN &FR &GR
56. EN &FR &GR
57. EN &FR &GR
58. EN &FR &GR
59. EN &FR &GR
60. EN &FR &GR
61. EN &FR &GR
62. EN &FR &GR
63. EN &FR &GR
64. EN &FR &GR
65. EN &FR &GR
66. EN &FR &GR
67. EN &FR &GR
68. EN &FR &GR
69. FR &
70. GR
71. EN &FR &GR
72. EN &FR &GR
73. EN &FR &GR
74. EN &FR &GR
75. EN &FR &GR
76. EN &FR &GR
77. EN &FR &GR
78. EN &FR &GR
79. EN &FR &GR
80. EN &FR &GR
81. EN &FR &GR
82. EN &FR &GR
83. EN &FR &GR
84. EN &FR &GR
85. FR &
86. FR &
87. EN &FR &GR
88. EN &FR &GR
89. EN &FR &GR
90. FR &
91. EN &FR &GR
92. EN &FR &GR
93. EN &FR &GR
94. EN &FR &GR
95. FR &
96. EN &FR &GR
97. EN &FR &GR
98. EN &FR &GR
99. EN &FR &GR
100. FR &
101. FR &
102. GR
103. EN &FR &GR
104. EN &FR &GR
105. EN &
106. EN &
107. EN &FR &GR
108. EN &FR &GR
109. EN &FR &GR
110. EN &FR &GR
111. EN &FR &GR
112. EN &FR &GR
113. EN &FR &GR
114. EN &FR &GR
115. EN &FR &GR
116. EN &FR &GR
117. EN &FR &GR
118. EN &FR &GR
119. EN &FR &GR
120. EN &FR &GR
121. EN &FR &GR
122. EN &FR &GR
123. FR &
124. EN &FR &GR
125. EN &FR &GR
126. EN &
127. EN &FR &GR
128. EN &FR &GR
129. EN &FR &GR
130. EN &FR &GR
131. EN &FR &GR
132. EN &FR &GR
133. FR &
134. EN &FR &GR
135. FR &
136. FR &
137. EN &FR &GR
138. EN &FR &GR
139. EN &FR &GR
140. EN &FR &GR
141. EN &FR &GR
142. EN &FR &GR
143. EN &FR &GR
144. EN &FR &GR
145. EN &FR &GR
146. EN &FR &GR
147. EN &FR &GR
148. EN &FR &GR
149. EN &FR &GR
150. EN &FR &GR
